2025-07-12 01:46:44 INFO mlflow_app Starting MLflow experiment: Productivity_Experiment
2025-07-12 01:46:44 INFO mlflow_app Loading and preprocessing data...
2025-07-12 01:46:44 INFO mlflow_app Data loaded and preprocessed. Shape: (1122, 14)
2025-07-12 01:46:44 INFO mlflow_app Data split completed - Training set: (897, 13), Test set: (225, 13)
2025-07-12 01:46:44 INFO mlflow_app Training Random Forest model...
2025-07-12 01:46:44 WARNING mlflow_app Training Random Forest model...
2025-07-12 01:46:44 ERROR mlflow_app Training Random Forest model...
2025-07-12 01:46:44 ERROR mlflow_app Training Random Forest model...
2025-07-12 01:46:46 INFO mlflow_app Random Forest RMSE: 0.1347
2025-07-12 01:46:46 INFO mlflow_app Training Gradient Boosting model...
2025-07-12 01:46:48 INFO mlflow_app Gradient Boosting RMSE: 0.1406
2025-07-12 01:46:48 INFO mlflow_app Starting clustering analysis...
2025-07-12 01:46:50 INFO mlflow_app KMeans Silhouette Score: 0.3132
2025-07-12 01:46:51 INFO mlflow_app CAH Silhouette Score: 0.3078
2025-07-12 01:46:52 INFO mlflow_app DBSCAN Silhouette Score: -0.08179851142914883
2025-07-12 01:46:53 INFO mlflow_app GMM Silhouette Score: 0.3129
2025-07-12 01:46:53 INFO mlflow_app Logging environment artifacts...
2025-07-12 01:46:53 INFO mlflow_app MLflow experiment completed successfully
2025-07-12 19:59:29 INFO mlflow_app Starting MLflow experiment: Productivity_Experiment
2025-07-12 19:59:29 INFO mlflow_app Loading and preprocessing data...
2025-07-12 19:59:30 INFO mlflow_app Data loaded and preprocessed. Shape: (1122, 14)
2025-07-12 19:59:30 INFO mlflow_app Data split completed - Training set: (897, 13), Test set: (225, 13)
2025-07-12 19:59:30 INFO mlflow_app Training Random Forest model...
2025-07-12 19:59:32 INFO mlflow_app Random Forest RMSE: 0.1347
2025-07-12 19:59:32 INFO mlflow_app Training Gradient Boosting model...
2025-07-12 19:59:33 INFO mlflow_app Gradient Boosting RMSE: 0.1406
2025-07-12 19:59:33 INFO mlflow_app Starting clustering analysis...
2025-07-12 19:59:35 INFO mlflow_app KMeans Silhouette Score: 0.3132
2025-07-12 19:59:36 INFO mlflow_app CAH Silhouette Score: 0.3078
2025-07-12 19:59:37 INFO mlflow_app DBSCAN Silhouette Score: -0.08179851142914883
2025-07-12 19:59:38 INFO mlflow_app GMM Silhouette Score: 0.3129
2025-07-12 19:59:38 INFO mlflow_app Logging environment artifacts...
2025-07-12 19:59:38 INFO mlflow_app MLflow experiment completed successfully
2025-07-12 20:03:50 INFO mlflow_app Starting MLflow experiment: Productivity_Experiment
2025-07-12 20:03:50 INFO mlflow_app Loading and preprocessing data...
2025-07-12 20:03:50 INFO mlflow_app Data loaded and preprocessed. Shape: (1122, 14)
2025-07-12 20:03:50 INFO mlflow_app Data split completed - Training set: (897, 13), Test set: (225, 13)
2025-07-12 20:03:50 INFO mlflow_app Training Random Forest model...
2025-07-12 20:03:52 INFO mlflow_app Random Forest RMSE: 0.1347
2025-07-12 20:03:52 INFO mlflow_app Training Gradient Boosting model...
2025-07-12 20:03:54 INFO mlflow_app Gradient Boosting RMSE: 0.1406
2025-07-12 20:03:54 INFO mlflow_app Starting clustering analysis...
2025-07-12 20:03:55 INFO mlflow_app KMeans Silhouette Score: 0.3132
2025-07-12 20:03:57 INFO mlflow_app CAH Silhouette Score: 0.3078
2025-07-12 20:03:58 INFO mlflow_app DBSCAN Silhouette Score: -0.08179851142914883
2025-07-12 20:03:59 INFO mlflow_app GMM Silhouette Score: 0.3129
2025-07-12 20:03:59 INFO mlflow_app Logging environment artifacts...
2025-07-12 20:03:59 INFO mlflow_app MLflow experiment completed successfully
2025-07-13 08:36:38 INFO mlflow_app Starting MLflow experiment: Productivity_Experiment
2025-07-13 08:36:38 INFO mlflow_app Loading and preprocessing data...
2025-07-13 08:36:38 INFO mlflow_app Data loaded and preprocessed. Shape: (1122, 14)
2025-07-13 08:36:38 INFO mlflow_app Data split completed - Training set: (897, 13), Test set: (225, 13)
2025-07-13 08:36:38 INFO mlflow_app Training Random Forest model...
2025-07-13 08:36:41 INFO mlflow_app Random Forest RMSE: 0.1347
2025-07-13 08:36:41 INFO mlflow_app Training Gradient Boosting model...
2025-07-13 08:36:42 INFO mlflow_app Gradient Boosting RMSE: 0.1406
2025-07-13 08:36:42 INFO mlflow_app Starting clustering analysis...
2025-07-13 08:36:44 INFO mlflow_app KMeans Silhouette Score: 0.3132
2025-07-13 08:36:45 INFO mlflow_app CAH Silhouette Score: 0.3078
2025-07-13 08:36:46 INFO mlflow_app DBSCAN Silhouette Score: -0.08179851142914883
2025-07-13 08:36:47 INFO mlflow_app GMM Silhouette Score: 0.3129
2025-07-13 08:36:47 INFO mlflow_app Logging environment artifacts...
2025-07-13 08:36:47 INFO mlflow_app MLflow experiment completed successfully
2025-07-13 08:41:55 INFO mlflow_app Starting MLflow experiment: Productivity_Experiment
2025-07-13 08:41:55 INFO mlflow_app Loading and preprocessing data...
2025-07-13 08:41:56 INFO mlflow_app Data loaded and preprocessed. Shape: (1122, 14)
2025-07-13 08:41:56 INFO mlflow_app Data split completed - Training set: (897, 13), Test set: (225, 13)
2025-07-13 08:41:56 INFO mlflow_app Training Random Forest model...
2025-07-13 08:41:58 INFO mlflow_app Random Forest RMSE: 0.1347
2025-07-13 08:41:58 INFO mlflow_app Training Gradient Boosting model...
2025-07-13 08:41:59 INFO mlflow_app Gradient Boosting RMSE: 0.1406
2025-07-13 08:41:59 INFO mlflow_app Starting clustering analysis...
2025-07-13 08:42:01 INFO mlflow_app KMeans Silhouette Score: 0.3132
2025-07-13 08:42:02 INFO mlflow_app CAH Silhouette Score: 0.3078
2025-07-13 08:42:03 INFO mlflow_app DBSCAN Silhouette Score: -0.08179851142914883
2025-07-13 08:42:04 INFO mlflow_app GMM Silhouette Score: 0.3129
2025-07-13 08:42:04 INFO mlflow_app Logging environment artifacts...
2025-07-13 08:42:04 INFO mlflow_app MLflow experiment completed successfully
2025-07-15 17:07:16 INFO mlflow_app Starting MLflow experiment: Productivity_Experiment
2025-07-15 17:07:16 INFO mlflow_app Loading and preprocessing data...
2025-07-15 17:07:17 INFO mlflow_app Data loaded and preprocessed. Shape: (1122, 14)
2025-07-15 17:07:17 INFO mlflow_app Data split completed - Training set: (897, 13), Test set: (225, 13)
2025-07-15 17:07:17 INFO mlflow_app Training Random Forest model...
2025-07-15 17:07:19 INFO mlflow_app Random Forest RMSE: 0.1347
2025-07-15 17:07:19 INFO mlflow_app Training Gradient Boosting model...
2025-07-15 17:07:20 INFO mlflow_app Gradient Boosting RMSE: 0.1406
2025-07-15 17:07:20 INFO mlflow_app Starting clustering analysis...
2025-07-15 17:07:22 INFO mlflow_app KMeans Silhouette Score: 0.3132
2025-07-15 17:07:23 INFO mlflow_app CAH Silhouette Score: 0.3078
2025-07-15 17:07:24 INFO mlflow_app DBSCAN Silhouette Score: -0.08179851142914883
2025-07-15 17:07:26 INFO mlflow_app GMM Silhouette Score: 0.3129
2025-07-15 17:07:26 INFO mlflow_app Logging environment artifacts...
2025-07-15 17:07:26 INFO mlflow_app MLflow experiment completed successfully
